<?xml version="1.0" encoding="UTF-8"?>
<!-- Generated by org.testng.reporters.JUnitReportReporter -->
<testsuite hostname="LAPTOP-50TJA22B" failures="0" tests="1" name="SkippTCwithout_dependonmethod.throw_skip_exception" time="0.000" errors="0" timestamp="2022-04-28T17:33:31 IST" skipped="1">
  <testcase classname="SkippTCwithout_dependonmethod.throw_skip_exception" name="TestMethod1" time="0.000">
    <skipped/>
  </testcase> <!-- TestMethod1 -->
  <system-out/>
</testsuite> <!-- SkippTCwithout_dependonmethod.throw_skip_exception -->
