<?xml version="1.0" encoding="UTF-8"?>
<!-- Generated by org.testng.reporters.JUnitReportReporter -->
<testsuite hostname="LAPTOP-50TJA22B" failures="0" tests="1" name="UBS_global.Handle_multiple_tab" time="10.518" errors="0" timestamp="2022-05-11T17:33:39 IST" skipped="0">
  <testcase classname="UBS_global.Handle_multiple_tab" name="test" time="10.518"/>
  <system-out/>
</testsuite> <!-- UBS_global.Handle_multiple_tab -->
